<?xml version="1.0" encoding="UTF-8"?>
<testsuite name="PairingAlgorithm Tests" tests="7" skipped="0" failures="0" errors="0" timestamp="2025-12-06T11:05:50" hostname="LAPTOP-BIGB" time="1.453">
  <properties/>
  <testcase name="Should handle edge case with exactly 4 players" classname="at.bigb.planer.service.PairingAlgorithmTest" time="0.595"/>
  <testcase name="Should select different player combinations across multiple rounds" classname="at.bigb.planer.service.PairingAlgorithmTest" time="0.108"/>
  <testcase name="Should select exactly 4 players for a round" classname="at.bigb.planer.service.PairingAlgorithmTest" time="0.006"/>
  <testcase name="Should distribute player usage as evenly as possible" classname="at.bigb.planer.service.PairingAlgorithmTest" time="0.318"/>
  <testcase name="Should fail when less than 4 players available" classname="at.bigb.planer.service.PairingAlgorithmTest" time="0.011"/>
  <testcase name="Should prefer combinations with lower frequency" classname="at.bigb.planer.service.PairingAlgorithmTest" time="0.025"/>
  <testcase name="Should select different players across rounds avoiding repetition" classname="at.bigb.planer.service.PairingAlgorithmTest" time="0.369"/>
  <system-out><![CDATA[]]></system-out>
  <system-err><![CDATA[Dez. 06, 2025 12:05:50 PM io.quarkus.bootstrap.runner.Timing printStartupTime
INFO: bigb-planer 1.0-SNAPSHOT on JVM (powered by Quarkus 3.6.0) started in 10.728s. Listening on: http://0.0.0.0:8081
Dez. 06, 2025 12:05:50 PM io.quarkus.bootstrap.runner.Timing printStartupTime
INFO: Profile test activated. 
Dez. 06, 2025 12:05:50 PM io.quarkus.bootstrap.runner.Timing printStartupTime
INFO: Installed features: [cdi, resteasy-reactive, resteasy-reactive-jackson, smallrye-context-propagation, smallrye-openapi, swagger-ui, vertx]
]]></system-err>
</testsuite>
