<?xml version="1.0" encoding="UTF-8"?>
<testsuite name="PlanerResource Unit Tests" tests="10" skipped="0" failures="0" errors="0" timestamp="2025-12-06T11:05:53" hostname="LAPTOP-BIGB" time="0.13">
  <properties/>
  <testcase name="Generate endpoint should reject configuration with empty player list" classname="at.bigb.planer.PlanerResourceTest" time="0.044"/>
  <testcase name="Generate endpoint should reject configuration with duplicate player names" classname="at.bigb.planer.PlanerResourceTest" time="0.002"/>
  <testcase name="Health endpoint should return OK status" classname="at.bigb.planer.PlanerResourceTest" time="0.001"/>
  <testcase name="Generate endpoint should reject configuration with 0 rounds" classname="at.bigb.planer.PlanerResourceTest" time="0.003"/>
  <testcase name="Pairings endpoint should return list of pairings sorted by frequency" classname="at.bigb.planer.PlanerResourceTest" time="0.008"/>
  <testcase name="Generate endpoint should reject configuration with less than 4 players" classname="at.bigb.planer.PlanerResourceTest" time="0.003"/>
  <testcase name="Generate endpoint should create plan with correct round dates" classname="at.bigb.planer.PlanerResourceTest" time="0.025"/>
  <testcase name="Statistics endpoint should return pairing statistics" classname="at.bigb.planer.PlanerResourceTest" time="0.003"/>
  <testcase name="Generate endpoint should accept valid schedule configuration" classname="at.bigb.planer.PlanerResourceTest" time="0.036"/>
  <testcase name="Generate endpoint should include creation timestamp" classname="at.bigb.planer.PlanerResourceTest" time="0.002"/>
  <system-out><![CDATA[{"timestamp":"2025-12-06T12:05:53.1429932+01:00","sequence":33,"loggerClassName":"org.slf4j.impl.Slf4jLogger","loggerName":"at.bigb.planer.service.rest.PlanerResource","level":"INFO","message":"Received schedule generation request with 0 players and 5 rounds","threadName":"Test worker","threadId":1,"mdc":{},"ndc":"","hostName":"laptop-bigb","processName":"GradleWorkerMain","processId":12240}
{"timestamp":"2025-12-06T12:05:53.1490183+01:00","sequence":34,"loggerClassName":"org.slf4j.impl.Slf4jLogger","loggerName":"at.bigb.planer.service.ScheduleGenerationService","level":"INFO","message":"Generating schedule with 0 players and 5 rounds","threadName":"Test worker","threadId":1,"mdc":{},"ndc":"","hostName":"laptop-bigb","processName":"GradleWorkerMain","processId":12240}
{"timestamp":"2025-12-06T12:05:53.1490183+01:00","sequence":35,"loggerClassName":"org.slf4j.impl.Slf4jLogger","loggerName":"at.bigb.planer.service.rest.PlanerResource","level":"ERROR","message":"Invalid configuration: Player names list cannot be empty","threadName":"Test worker","threadId":1,"mdc":{},"ndc":"","hostName":"laptop-bigb","processName":"GradleWorkerMain","processId":12240}
{"timestamp":"2025-12-06T12:05:53.1756848+01:00","sequence":36,"loggerClassName":"org.slf4j.impl.Slf4jLogger","loggerName":"at.bigb.planer.service.rest.PlanerResource","level":"INFO","message":"Received schedule generation request with 5 players and 5 rounds","threadName":"Test worker","threadId":1,"mdc":{},"ndc":"","hostName":"laptop-bigb","processName":"GradleWorkerMain","processId":12240}
{"timestamp":"2025-12-06T12:05:53.1766849+01:00","sequence":37,"loggerClassName":"org.slf4j.impl.Slf4jLogger","loggerName":"at.bigb.planer.service.ScheduleGenerationService","level":"INFO","message":"Generating schedule with 5 players and 5 rounds","threadName":"Test worker","threadId":1,"mdc":{},"ndc":"","hostName":"laptop-bigb","processName":"GradleWorkerMain","processId":12240}
{"timestamp":"2025-12-06T12:05:53.1766849+01:00","sequence":38,"loggerClassName":"org.slf4j.impl.Slf4jLogger","loggerName":"at.bigb.planer.service.rest.PlanerResource","level":"ERROR","message":"Invalid configuration: Duplicate player names are not allowed","threadName":"Test worker","threadId":1,"mdc":{},"ndc":"","hostName":"laptop-bigb","processName":"GradleWorkerMain","processId":12240}
{"timestamp":"2025-12-06T12:05:53.180149+01:00","sequence":39,"loggerClassName":"org.slf4j.impl.Slf4jLogger","loggerName":"at.bigb.planer.service.rest.PlanerResource","level":"INFO","message":"Received schedule generation request with 4 players and 0 rounds","threadName":"Test worker","threadId":1,"mdc":{},"ndc":"","hostName":"laptop-bigb","processName":"GradleWorkerMain","processId":12240}
{"timestamp":"2025-12-06T12:05:53.180149+01:00","sequence":40,"loggerClassName":"org.slf4j.impl.Slf4jLogger","loggerName":"at.bigb.planer.service.ScheduleGenerationService","level":"INFO","message":"Generating schedule with 4 players and 0 rounds","threadName":"Test worker","threadId":1,"mdc":{},"ndc":"","hostName":"laptop-bigb","processName":"GradleWorkerMain","processId":12240}
{"timestamp":"2025-12-06T12:05:53.1811439+01:00","sequence":41,"loggerClassName":"org.slf4j.impl.Slf4jLogger","loggerName":"at.bigb.planer.service.rest.PlanerResource","level":"ERROR","message":"Invalid configuration: Number of rounds must be greater than 0","threadName":"Test worker","threadId":1,"mdc":{},"ndc":"","hostName":"laptop-bigb","processName":"GradleWorkerMain","processId":12240}
{"timestamp":"2025-12-06T12:05:53.1821873+01:00","sequence":42,"loggerClassName":"org.slf4j.impl.Slf4jLogger","loggerName":"at.bigb.planer.service.rest.PlanerResource","level":"INFO","message":"Retrieving all pairings","threadName":"Test worker","threadId":1,"mdc":{},"ndc":"","hostName":"laptop-bigb","processName":"GradleWorkerMain","processId":12240}
{"timestamp":"2025-12-06T12:05:53.1920955+01:00","sequence":43,"loggerClassName":"org.slf4j.impl.Slf4jLogger","loggerName":"at.bigb.planer.service.rest.PlanerResource","level":"INFO","message":"Received schedule generation request with 3 players and 5 rounds","threadName":"Test worker","threadId":1,"mdc":{},"ndc":"","hostName":"laptop-bigb","processName":"GradleWorkerMain","processId":12240}
{"timestamp":"2025-12-06T12:05:53.1920955+01:00","sequence":44,"loggerClassName":"org.slf4j.impl.Slf4jLogger","loggerName":"at.bigb.planer.service.ScheduleGenerationService","level":"INFO","message":"Generating schedule with 3 players and 5 rounds","threadName":"Test worker","threadId":1,"mdc":{},"ndc":"","hostName":"laptop-bigb","processName":"GradleWorkerMain","processId":12240}
{"timestamp":"2025-12-06T12:05:53.1920955+01:00","sequence":45,"loggerClassName":"org.slf4j.impl.Slf4jLogger","loggerName":"at.bigb.planer.service.rest.PlanerResource","level":"ERROR","message":"Invalid configuration: At least 4 players are required","threadName":"Test worker","threadId":1,"mdc":{},"ndc":"","hostName":"laptop-bigb","processName":"GradleWorkerMain","processId":12240}
{"timestamp":"2025-12-06T12:05:53.1941147+01:00","sequence":46,"loggerClassName":"org.slf4j.impl.Slf4jLogger","loggerName":"at.bigb.planer.service.rest.PlanerResource","level":"INFO","message":"Received schedule generation request with 8 players and 3 rounds","threadName":"Test worker","threadId":1,"mdc":{},"ndc":"","hostName":"laptop-bigb","processName":"GradleWorkerMain","processId":12240}
{"timestamp":"2025-12-06T12:05:53.1941147+01:00","sequence":47,"loggerClassName":"org.slf4j.impl.Slf4jLogger","loggerName":"at.bigb.planer.service.ScheduleGenerationService","level":"INFO","message":"Generating schedule with 8 players and 3 rounds","threadName":"Test worker","threadId":1,"mdc":{},"ndc":"","hostName":"laptop-bigb","processName":"GradleWorkerMain","processId":12240}
{"timestamp":"2025-12-06T12:05:53.208159+01:00","sequence":48,"loggerClassName":"org.slf4j.impl.Slf4jLogger","loggerName":"at.bigb.planer.service.ScheduleGenerationService","level":"INFO","message":"Schedule generation completed: 3 rounds with 4 players each","threadName":"Test worker","threadId":1,"mdc":{},"ndc":"","hostName":"laptop-bigb","processName":"GradleWorkerMain","processId":12240}
{"timestamp":"2025-12-06T12:05:53.2189188+01:00","sequence":49,"loggerClassName":"org.slf4j.impl.Slf4jLogger","loggerName":"at.bigb.planer.service.rest.PlanerResource","level":"INFO","message":"Retrieving pairing statistics","threadName":"Test worker","threadId":1,"mdc":{},"ndc":"","hostName":"laptop-bigb","processName":"GradleWorkerMain","processId":12240}
{"timestamp":"2025-12-06T12:05:53.2219224+01:00","sequence":50,"loggerClassName":"org.slf4j.impl.Slf4jLogger","loggerName":"at.bigb.planer.service.rest.PlanerResource","level":"INFO","message":"Received schedule generation request with 10 players and 5 rounds","threadName":"Test worker","threadId":1,"mdc":{},"ndc":"","hostName":"laptop-bigb","processName":"GradleWorkerMain","processId":12240}
{"timestamp":"2025-12-06T12:05:53.2229222+01:00","sequence":51,"loggerClassName":"org.slf4j.impl.Slf4jLogger","loggerName":"at.bigb.planer.service.ScheduleGenerationService","level":"INFO","message":"Generating schedule with 10 players and 5 rounds","threadName":"Test worker","threadId":1,"mdc":{},"ndc":"","hostName":"laptop-bigb","processName":"GradleWorkerMain","processId":12240}
{"timestamp":"2025-12-06T12:05:53.2563559+01:00","sequence":52,"loggerClassName":"org.slf4j.impl.Slf4jLogger","loggerName":"at.bigb.planer.service.ScheduleGenerationService","level":"INFO","message":"Schedule generation completed: 5 rounds with 4 players each","threadName":"Test worker","threadId":1,"mdc":{},"ndc":"","hostName":"laptop-bigb","processName":"GradleWorkerMain","processId":12240}
{"timestamp":"2025-12-06T12:05:53.2583581+01:00","sequence":53,"loggerClassName":"org.slf4j.impl.Slf4jLogger","loggerName":"at.bigb.planer.service.rest.PlanerResource","level":"INFO","message":"Received schedule generation request with 4 players and 1 rounds","threadName":"Test worker","threadId":1,"mdc":{},"ndc":"","hostName":"laptop-bigb","processName":"GradleWorkerMain","processId":12240}
{"timestamp":"2025-12-06T12:05:53.2594306+01:00","sequence":54,"loggerClassName":"org.slf4j.impl.Slf4jLogger","loggerName":"at.bigb.planer.service.ScheduleGenerationService","level":"INFO","message":"Generating schedule with 4 players and 1 rounds","threadName":"Test worker","threadId":1,"mdc":{},"ndc":"","hostName":"laptop-bigb","processName":"GradleWorkerMain","processId":12240}
{"timestamp":"2025-12-06T12:05:53.2604337+01:00","sequence":55,"loggerClassName":"org.slf4j.impl.Slf4jLogger","loggerName":"at.bigb.planer.service.ScheduleGenerationService","level":"INFO","message":"Schedule generation completed: 1 rounds with 4 players each","threadName":"Test worker","threadId":1,"mdc":{},"ndc":"","hostName":"laptop-bigb","processName":"GradleWorkerMain","processId":12240}
]]></system-out>
  <system-err><![CDATA[]]></system-err>
</testsuite>
