<?xml version="1.0" encoding="UTF-8"?>
<testsuite name="ScheduleGenerationService Tests" tests="15" skipped="0" failures="0" errors="0" timestamp="2025-12-06T11:05:52" hostname="LAPTOP-BIGB" time="0.769">
  <properties/>
  <testcase name="Should create chronological round dates" classname="at.bigb.planer.service.ScheduleGenerationServiceTest" time="0.068"/>
  <testcase name="Should minimize duplicate pairings across rounds" classname="at.bigb.planer.service.ScheduleGenerationServiceTest" time="0.139"/>
  <testcase name="Should validate: throw exception with less than 4 players" classname="at.bigb.planer.service.ScheduleGenerationServiceTest" time="0.004"/>
  <testcase name="Should validate: throw exception with empty player list" classname="at.bigb.planer.service.ScheduleGenerationServiceTest" time="0.004"/>
  <testcase name="Should select exactly 4 players per round" classname="at.bigb.planer.service.ScheduleGenerationServiceTest" time="0.063"/>
  <testcase name="Should handle large number of rounds" classname="at.bigb.planer.service.ScheduleGenerationServiceTest" time="0.276"/>
  <testcase name="Should generate valid schedule for minimum viable size" classname="at.bigb.planer.service.ScheduleGenerationServiceTest" time="0.003"/>
  <testcase name="Should generate plan with all rounds having unique round numbers" classname="at.bigb.planer.service.ScheduleGenerationServiceTest" time="0.052"/>
  <testcase name="Should be consistent with same seed (if seeding is used)" classname="at.bigb.planer.service.ScheduleGenerationServiceTest" time="0.023"/>
  <testcase name="Should set creation timestamp" classname="at.bigb.planer.service.ScheduleGenerationServiceTest" time="0.017"/>
  <testcase name="Should validate: throw exception with duplicate player names" classname="at.bigb.planer.service.ScheduleGenerationServiceTest" time="0.002"/>
  <testcase name="Should validate: throw exception with 0 rounds" classname="at.bigb.planer.service.ScheduleGenerationServiceTest" time="0.003"/>
  <testcase name="Should generate schedule with all 10 players" classname="at.bigb.planer.service.ScheduleGenerationServiceTest" time="0.023"/>
  <testcase name="Should generate schedule with correct number of rounds" classname="at.bigb.planer.service.ScheduleGenerationServiceTest" time="0.018"/>
  <testcase name="Should generate plan with unique ID" classname="at.bigb.planer.service.ScheduleGenerationServiceTest" time="0.037"/>
  <system-out><![CDATA[{"timestamp":"2025-12-06T12:05:52.3226734+01:00","sequence":3,"loggerClassName":"org.slf4j.impl.Slf4jLogger","loggerName":"at.bigb.planer.service.ScheduleGenerationService","level":"INFO","message":"Generating schedule with 10 players and 5 rounds","threadName":"Test worker","threadId":1,"mdc":{},"ndc":"","hostName":"laptop-bigb","processName":"GradleWorkerMain","processId":12240}
{"timestamp":"2025-12-06T12:05:52.3807422+01:00","sequence":4,"loggerClassName":"org.slf4j.impl.Slf4jLogger","loggerName":"at.bigb.planer.service.ScheduleGenerationService","level":"INFO","message":"Schedule generation completed: 5 rounds with 4 players each","threadName":"Test worker","threadId":1,"mdc":{},"ndc":"","hostName":"laptop-bigb","processName":"GradleWorkerMain","processId":12240}
{"timestamp":"2025-12-06T12:05:52.3898942+01:00","sequence":5,"loggerClassName":"org.slf4j.impl.Slf4jLogger","loggerName":"at.bigb.planer.service.ScheduleGenerationService","level":"INFO","message":"Generating schedule with 10 players and 20 rounds","threadName":"Test worker","threadId":1,"mdc":{},"ndc":"","hostName":"laptop-bigb","processName":"GradleWorkerMain","processId":12240}
{"timestamp":"2025-12-06T12:05:52.5217862+01:00","sequence":6,"loggerClassName":"org.slf4j.impl.Slf4jLogger","loggerName":"at.bigb.planer.service.ScheduleGenerationService","level":"INFO","message":"Schedule generation completed: 20 rounds with 4 players each","threadName":"Test worker","threadId":1,"mdc":{},"ndc":"","hostName":"laptop-bigb","processName":"GradleWorkerMain","processId":12240}
{"timestamp":"2025-12-06T12:05:52.5307863+01:00","sequence":7,"loggerClassName":"org.slf4j.impl.Slf4jLogger","loggerName":"at.bigb.planer.service.ScheduleGenerationService","level":"INFO","message":"Generating schedule with 3 players and 5 rounds","threadName":"Test worker","threadId":1,"mdc":{},"ndc":"","hostName":"laptop-bigb","processName":"GradleWorkerMain","processId":12240}
{"timestamp":"2025-12-06T12:05:52.5376055+01:00","sequence":8,"loggerClassName":"org.slf4j.impl.Slf4jLogger","loggerName":"at.bigb.planer.service.ScheduleGenerationService","level":"INFO","message":"Generating schedule with 0 players and 5 rounds","threadName":"Test worker","threadId":1,"mdc":{},"ndc":"","hostName":"laptop-bigb","processName":"GradleWorkerMain","processId":12240}
{"timestamp":"2025-12-06T12:05:52.543607+01:00","sequence":9,"loggerClassName":"org.slf4j.impl.Slf4jLogger","loggerName":"at.bigb.planer.service.ScheduleGenerationService","level":"INFO","message":"Generating schedule with 10 players and 10 rounds","threadName":"Test worker","threadId":1,"mdc":{},"ndc":"","hostName":"laptop-bigb","processName":"GradleWorkerMain","processId":12240}
{"timestamp":"2025-12-06T12:05:52.6030081+01:00","sequence":10,"loggerClassName":"org.slf4j.impl.Slf4jLogger","loggerName":"at.bigb.planer.service.ScheduleGenerationService","level":"INFO","message":"Schedule generation completed: 10 rounds with 4 players each","threadName":"Test worker","threadId":1,"mdc":{},"ndc":"","hostName":"laptop-bigb","processName":"GradleWorkerMain","processId":12240}
{"timestamp":"2025-12-06T12:05:52.6103216+01:00","sequence":11,"loggerClassName":"org.slf4j.impl.Slf4jLogger","loggerName":"at.bigb.planer.service.ScheduleGenerationService","level":"INFO","message":"Generating schedule with 10 players and 50 rounds","threadName":"Test worker","threadId":1,"mdc":{},"ndc":"","hostName":"laptop-bigb","processName":"GradleWorkerMain","processId":12240}
{"timestamp":"2025-12-06T12:05:52.8841134+01:00","sequence":12,"loggerClassName":"org.slf4j.impl.Slf4jLogger","loggerName":"at.bigb.planer.service.ScheduleGenerationService","level":"INFO","message":"Schedule generation completed: 50 rounds with 4 players each","threadName":"Test worker","threadId":1,"mdc":{},"ndc":"","hostName":"laptop-bigb","processName":"GradleWorkerMain","processId":12240}
{"timestamp":"2025-12-06T12:05:52.8884114+01:00","sequence":13,"loggerClassName":"org.slf4j.impl.Slf4jLogger","loggerName":"at.bigb.planer.service.ScheduleGenerationService","level":"INFO","message":"Generating schedule with 4 players and 1 rounds","threadName":"Test worker","threadId":1,"mdc":{},"ndc":"","hostName":"laptop-bigb","processName":"GradleWorkerMain","processId":12240}
{"timestamp":"2025-12-06T12:05:52.8895497+01:00","sequence":14,"loggerClassName":"org.slf4j.impl.Slf4jLogger","loggerName":"at.bigb.planer.service.ScheduleGenerationService","level":"INFO","message":"Schedule generation completed: 1 rounds with 4 players each","threadName":"Test worker","threadId":1,"mdc":{},"ndc":"","hostName":"laptop-bigb","processName":"GradleWorkerMain","processId":12240}
{"timestamp":"2025-12-06T12:05:52.894828+01:00","sequence":15,"loggerClassName":"org.slf4j.impl.Slf4jLogger","loggerName":"at.bigb.planer.service.ScheduleGenerationService","level":"INFO","message":"Generating schedule with 10 players and 10 rounds","threadName":"Test worker","threadId":1,"mdc":{},"ndc":"","hostName":"laptop-bigb","processName":"GradleWorkerMain","processId":12240}
{"timestamp":"2025-12-06T12:05:52.9430038+01:00","sequence":16,"loggerClassName":"org.slf4j.impl.Slf4jLogger","loggerName":"at.bigb.planer.service.ScheduleGenerationService","level":"INFO","message":"Schedule generation completed: 10 rounds with 4 players each","threadName":"Test worker","threadId":1,"mdc":{},"ndc":"","hostName":"laptop-bigb","processName":"GradleWorkerMain","processId":12240}
{"timestamp":"2025-12-06T12:05:52.948072+01:00","sequence":17,"loggerClassName":"org.slf4j.impl.Slf4jLogger","loggerName":"at.bigb.planer.service.ScheduleGenerationService","level":"INFO","message":"Generating schedule with 10 players and 3 rounds","threadName":"Test worker","threadId":1,"mdc":{},"ndc":"","hostName":"laptop-bigb","processName":"GradleWorkerMain","processId":12240}
{"timestamp":"2025-12-06T12:05:52.9600684+01:00","sequence":18,"loggerClassName":"org.slf4j.impl.Slf4jLogger","loggerName":"at.bigb.planer.service.ScheduleGenerationService","level":"INFO","message":"Schedule generation completed: 3 rounds with 4 players each","threadName":"Test worker","threadId":1,"mdc":{},"ndc":"","hostName":"laptop-bigb","processName":"GradleWorkerMain","processId":12240}
{"timestamp":"2025-12-06T12:05:52.9610708+01:00","sequence":19,"loggerClassName":"org.slf4j.impl.Slf4jLogger","loggerName":"at.bigb.planer.service.ScheduleGenerationService","level":"INFO","message":"Generating schedule with 10 players and 3 rounds","threadName":"Test worker","threadId":1,"mdc":{},"ndc":"","hostName":"laptop-bigb","processName":"GradleWorkerMain","processId":12240}
{"timestamp":"2025-12-06T12:05:52.9690985+01:00","sequence":20,"loggerClassName":"org.slf4j.impl.Slf4jLogger","loggerName":"at.bigb.planer.service.ScheduleGenerationService","level":"INFO","message":"Schedule generation completed: 3 rounds with 4 players each","threadName":"Test worker","threadId":1,"mdc":{},"ndc":"","hostName":"laptop-bigb","processName":"GradleWorkerMain","processId":12240}
{"timestamp":"2025-12-06T12:05:52.9740993+01:00","sequence":21,"loggerClassName":"org.slf4j.impl.Slf4jLogger","loggerName":"at.bigb.planer.service.ScheduleGenerationService","level":"INFO","message":"Generating schedule with 10 players and 5 rounds","threadName":"Test worker","threadId":1,"mdc":{},"ndc":"","hostName":"laptop-bigb","processName":"GradleWorkerMain","processId":12240}
{"timestamp":"2025-12-06T12:05:52.9884009+01:00","sequence":22,"loggerClassName":"org.slf4j.impl.Slf4jLogger","loggerName":"at.bigb.planer.service.ScheduleGenerationService","level":"INFO","message":"Schedule generation completed: 5 rounds with 4 players each","threadName":"Test worker","threadId":1,"mdc":{},"ndc":"","hostName":"laptop-bigb","processName":"GradleWorkerMain","processId":12240}
{"timestamp":"2025-12-06T12:05:52.992551+01:00","sequence":23,"loggerClassName":"org.slf4j.impl.Slf4jLogger","loggerName":"at.bigb.planer.service.ScheduleGenerationService","level":"INFO","message":"Generating schedule with 10 players and 5 rounds","threadName":"Test worker","threadId":1,"mdc":{},"ndc":"","hostName":"laptop-bigb","processName":"GradleWorkerMain","processId":12240}
{"timestamp":"2025-12-06T12:05:52.9987206+01:00","sequence":24,"loggerClassName":"org.slf4j.impl.Slf4jLogger","loggerName":"at.bigb.planer.service.ScheduleGenerationService","level":"INFO","message":"Generating schedule with 10 players and 0 rounds","threadName":"Test worker","threadId":1,"mdc":{},"ndc":"","hostName":"laptop-bigb","processName":"GradleWorkerMain","processId":12240}
{"timestamp":"2025-12-06T12:05:53.0047868+01:00","sequence":25,"loggerClassName":"org.slf4j.impl.Slf4jLogger","loggerName":"at.bigb.planer.service.ScheduleGenerationService","level":"INFO","message":"Generating schedule with 10 players and 5 rounds","threadName":"Test worker","threadId":1,"mdc":{},"ndc":"","hostName":"laptop-bigb","processName":"GradleWorkerMain","processId":12240}
{"timestamp":"2025-12-06T12:05:53.0228588+01:00","sequence":26,"loggerClassName":"org.slf4j.impl.Slf4jLogger","loggerName":"at.bigb.planer.service.ScheduleGenerationService","level":"INFO","message":"Schedule generation completed: 5 rounds with 4 players each","threadName":"Test worker","threadId":1,"mdc":{},"ndc":"","hostName":"laptop-bigb","processName":"GradleWorkerMain","processId":12240}
{"timestamp":"2025-12-06T12:05:53.0273933+01:00","sequence":27,"loggerClassName":"org.slf4j.impl.Slf4jLogger","loggerName":"at.bigb.planer.service.ScheduleGenerationService","level":"INFO","message":"Generating schedule with 10 players and 5 rounds","threadName":"Test worker","threadId":1,"mdc":{},"ndc":"","hostName":"laptop-bigb","processName":"GradleWorkerMain","processId":12240}
{"timestamp":"2025-12-06T12:05:53.0440496+01:00","sequence":28,"loggerClassName":"org.slf4j.impl.Slf4jLogger","loggerName":"at.bigb.planer.service.ScheduleGenerationService","level":"INFO","message":"Schedule generation completed: 5 rounds with 4 players each","threadName":"Test worker","threadId":1,"mdc":{},"ndc":"","hostName":"laptop-bigb","processName":"GradleWorkerMain","processId":12240}
{"timestamp":"2025-12-06T12:05:53.0474221+01:00","sequence":29,"loggerClassName":"org.slf4j.impl.Slf4jLogger","loggerName":"at.bigb.planer.service.ScheduleGenerationService","level":"INFO","message":"Generating schedule with 10 players and 5 rounds","threadName":"Test worker","threadId":1,"mdc":{},"ndc":"","hostName":"laptop-bigb","processName":"GradleWorkerMain","processId":12240}
{"timestamp":"2025-12-06T12:05:53.0631929+01:00","sequence":30,"loggerClassName":"org.slf4j.impl.Slf4jLogger","loggerName":"at.bigb.planer.service.ScheduleGenerationService","level":"INFO","message":"Schedule generation completed: 5 rounds with 4 players each","threadName":"Test worker","threadId":1,"mdc":{},"ndc":"","hostName":"laptop-bigb","processName":"GradleWorkerMain","processId":12240}
{"timestamp":"2025-12-06T12:05:53.0641935+01:00","sequence":31,"loggerClassName":"org.slf4j.impl.Slf4jLogger","loggerName":"at.bigb.planer.service.ScheduleGenerationService","level":"INFO","message":"Generating schedule with 10 players and 5 rounds","threadName":"Test worker","threadId":1,"mdc":{},"ndc":"","hostName":"laptop-bigb","processName":"GradleWorkerMain","processId":12240}
{"timestamp":"2025-12-06T12:05:53.0820991+01:00","sequence":32,"loggerClassName":"org.slf4j.impl.Slf4jLogger","loggerName":"at.bigb.planer.service.ScheduleGenerationService","level":"INFO","message":"Schedule generation completed: 5 rounds with 4 players each","threadName":"Test worker","threadId":1,"mdc":{},"ndc":"","hostName":"laptop-bigb","processName":"GradleWorkerMain","processId":12240}
]]></system-out>
  <system-err><![CDATA[]]></system-err>
</testsuite>
