<?xml version="1.0" encoding="UTF-8"?>
<testsuite name="PlanerResource Unit Tests" tests="13" skipped="0" failures="0" errors="0" timestamp="2025-12-06T11:05:53" hostname="LAPTOP-BIGB" time="0.131">
  <properties/>
  <testcase name="Get all pairings should return list" classname="at.bigb.planer.service.rest.PlanerResourceUnitTest" time="0.001"/>
  <testcase name="Generate schedule should reject configuration with duplicate names" classname="at.bigb.planer.service.rest.PlanerResourceUnitTest" time="0.003"/>
  <testcase name="Pairings endpoint should return only player names and frequency" classname="at.bigb.planer.service.rest.PlanerResourceUnitTest" time="0.005"/>
  <testcase name="Player usage endpoint should return correct usage statistics" classname="at.bigb.planer.service.rest.PlanerResourceUnitTest" time="0.005"/>
  <testcase name="Generate schedule should reject empty player list" classname="at.bigb.planer.service.rest.PlanerResourceUnitTest" time="0.003"/>
  <testcase name="Generate schedule should use all provided players" classname="at.bigb.planer.service.rest.PlanerResourceUnitTest" time="0.037"/>
  <testcase name="Generated schedule should have correct round structure" classname="at.bigb.planer.service.rest.PlanerResourceUnitTest" time="0.009"/>
  <testcase name="Generated schedule should have all required fields" classname="at.bigb.planer.service.rest.PlanerResourceUnitTest" time="0.004"/>
  <testcase name="Health endpoint should return OK status" classname="at.bigb.planer.service.rest.PlanerResourceUnitTest" time="0.001"/>
  <testcase name="Get statistics should return valid stats" classname="at.bigb.planer.service.rest.PlanerResourceUnitTest" time="0.002"/>
  <testcase name="Generate schedule should accept valid configuration" classname="at.bigb.planer.service.rest.PlanerResourceUnitTest" time="0.041"/>
  <testcase name="Generate schedule should reject configuration with 0 rounds" classname="at.bigb.planer.service.rest.PlanerResourceUnitTest" time="0.003"/>
  <testcase name="Generate schedule should reject configuration with too few players" classname="at.bigb.planer.service.rest.PlanerResourceUnitTest" time="0.004"/>
  <system-out><![CDATA[{"timestamp":"2025-12-06T12:05:53.2634409+01:00","sequence":56,"loggerClassName":"org.slf4j.impl.Slf4jLogger","loggerName":"at.bigb.planer.service.rest.PlanerResource","level":"INFO","message":"Retrieving all pairings","threadName":"Test worker","threadId":1,"mdc":{},"ndc":"","hostName":"laptop-bigb","processName":"GradleWorkerMain","processId":12240}
{"timestamp":"2025-12-06T12:05:53.2664314+01:00","sequence":57,"loggerClassName":"org.slf4j.impl.Slf4jLogger","loggerName":"at.bigb.planer.service.rest.PlanerResource","level":"INFO","message":"Received schedule generation request with 5 players and 5 rounds","threadName":"Test worker","threadId":1,"mdc":{},"ndc":"","hostName":"laptop-bigb","processName":"GradleWorkerMain","processId":12240}
{"timestamp":"2025-12-06T12:05:53.2664314+01:00","sequence":58,"loggerClassName":"org.slf4j.impl.Slf4jLogger","loggerName":"at.bigb.planer.service.ScheduleGenerationService","level":"INFO","message":"Generating schedule with 5 players and 5 rounds","threadName":"Test worker","threadId":1,"mdc":{},"ndc":"","hostName":"laptop-bigb","processName":"GradleWorkerMain","processId":12240}
{"timestamp":"2025-12-06T12:05:53.2674312+01:00","sequence":59,"loggerClassName":"org.slf4j.impl.Slf4jLogger","loggerName":"at.bigb.planer.service.rest.PlanerResource","level":"ERROR","message":"Invalid configuration: Duplicate player names are not allowed","threadName":"Test worker","threadId":1,"mdc":{},"ndc":"","hostName":"laptop-bigb","processName":"GradleWorkerMain","processId":12240}
{"timestamp":"2025-12-06T12:05:53.2704322+01:00","sequence":60,"loggerClassName":"org.slf4j.impl.Slf4jLogger","loggerName":"at.bigb.planer.service.rest.PlanerResource","level":"INFO","message":"Received schedule generation request with 4 players and 2 rounds","threadName":"Test worker","threadId":1,"mdc":{},"ndc":"","hostName":"laptop-bigb","processName":"GradleWorkerMain","processId":12240}
{"timestamp":"2025-12-06T12:05:53.2704322+01:00","sequence":61,"loggerClassName":"org.slf4j.impl.Slf4jLogger","loggerName":"at.bigb.planer.service.ScheduleGenerationService","level":"INFO","message":"Generating schedule with 4 players and 2 rounds","threadName":"Test worker","threadId":1,"mdc":{},"ndc":"","hostName":"laptop-bigb","processName":"GradleWorkerMain","processId":12240}
{"timestamp":"2025-12-06T12:05:53.2714319+01:00","sequence":62,"loggerClassName":"org.slf4j.impl.Slf4jLogger","loggerName":"at.bigb.planer.service.ScheduleGenerationService","level":"INFO","message":"Schedule generation completed: 2 rounds with 4 players each","threadName":"Test worker","threadId":1,"mdc":{},"ndc":"","hostName":"laptop-bigb","processName":"GradleWorkerMain","processId":12240}
{"timestamp":"2025-12-06T12:05:53.2714319+01:00","sequence":63,"loggerClassName":"org.slf4j.impl.Slf4jLogger","loggerName":"at.bigb.planer.service.rest.PlanerResource","level":"INFO","message":"Retrieving all pairings","threadName":"Test worker","threadId":1,"mdc":{},"ndc":"","hostName":"laptop-bigb","processName":"GradleWorkerMain","processId":12240}
{"timestamp":"2025-12-06T12:05:53.2756056+01:00","sequence":64,"loggerClassName":"org.slf4j.impl.Slf4jLogger","loggerName":"at.bigb.planer.service.rest.PlanerResource","level":"INFO","message":"Received schedule generation request with 4 players and 4 rounds","threadName":"Test worker","threadId":1,"mdc":{},"ndc":"","hostName":"laptop-bigb","processName":"GradleWorkerMain","processId":12240}
{"timestamp":"2025-12-06T12:05:53.2766031+01:00","sequence":65,"loggerClassName":"org.slf4j.impl.Slf4jLogger","loggerName":"at.bigb.planer.service.ScheduleGenerationService","level":"INFO","message":"Generating schedule with 4 players and 4 rounds","threadName":"Test worker","threadId":1,"mdc":{},"ndc":"","hostName":"laptop-bigb","processName":"GradleWorkerMain","processId":12240}
{"timestamp":"2025-12-06T12:05:53.2766031+01:00","sequence":66,"loggerClassName":"org.slf4j.impl.Slf4jLogger","loggerName":"at.bigb.planer.service.ScheduleGenerationService","level":"INFO","message":"Schedule generation completed: 4 rounds with 4 players each","threadName":"Test worker","threadId":1,"mdc":{},"ndc":"","hostName":"laptop-bigb","processName":"GradleWorkerMain","processId":12240}
{"timestamp":"2025-12-06T12:05:53.2776045+01:00","sequence":67,"loggerClassName":"org.slf4j.impl.Slf4jLogger","loggerName":"at.bigb.planer.service.rest.PlanerResource","level":"INFO","message":"Retrieving player usage statistics","threadName":"Test worker","threadId":1,"mdc":{},"ndc":"","hostName":"laptop-bigb","processName":"GradleWorkerMain","processId":12240}
{"timestamp":"2025-12-06T12:05:53.2826019+01:00","sequence":68,"loggerClassName":"org.slf4j.impl.Slf4jLogger","loggerName":"at.bigb.planer.service.rest.PlanerResource","level":"INFO","message":"Received schedule generation request with 0 players and 5 rounds","threadName":"Test worker","threadId":1,"mdc":{},"ndc":"","hostName":"laptop-bigb","processName":"GradleWorkerMain","processId":12240}
{"timestamp":"2025-12-06T12:05:53.2826019+01:00","sequence":69,"loggerClassName":"org.slf4j.impl.Slf4jLogger","loggerName":"at.bigb.planer.service.ScheduleGenerationService","level":"INFO","message":"Generating schedule with 0 players and 5 rounds","threadName":"Test worker","threadId":1,"mdc":{},"ndc":"","hostName":"laptop-bigb","processName":"GradleWorkerMain","processId":12240}
{"timestamp":"2025-12-06T12:05:53.2836092+01:00","sequence":70,"loggerClassName":"org.slf4j.impl.Slf4jLogger","loggerName":"at.bigb.planer.service.rest.PlanerResource","level":"ERROR","message":"Invalid configuration: Player names list cannot be empty","threadName":"Test worker","threadId":1,"mdc":{},"ndc":"","hostName":"laptop-bigb","processName":"GradleWorkerMain","processId":12240}
{"timestamp":"2025-12-06T12:05:53.285606+01:00","sequence":71,"loggerClassName":"org.slf4j.impl.Slf4jLogger","loggerName":"at.bigb.planer.service.rest.PlanerResource","level":"INFO","message":"Received schedule generation request with 10 players and 5 rounds","threadName":"Test worker","threadId":1,"mdc":{},"ndc":"","hostName":"laptop-bigb","processName":"GradleWorkerMain","processId":12240}
{"timestamp":"2025-12-06T12:05:53.2866076+01:00","sequence":72,"loggerClassName":"org.slf4j.impl.Slf4jLogger","loggerName":"at.bigb.planer.service.ScheduleGenerationService","level":"INFO","message":"Generating schedule with 10 players and 5 rounds","threadName":"Test worker","threadId":1,"mdc":{},"ndc":"","hostName":"laptop-bigb","processName":"GradleWorkerMain","processId":12240}
{"timestamp":"2025-12-06T12:05:53.319665+01:00","sequence":73,"loggerClassName":"org.slf4j.impl.Slf4jLogger","loggerName":"at.bigb.planer.service.ScheduleGenerationService","level":"INFO","message":"Schedule generation completed: 5 rounds with 4 players each","threadName":"Test worker","threadId":1,"mdc":{},"ndc":"","hostName":"laptop-bigb","processName":"GradleWorkerMain","processId":12240}
{"timestamp":"2025-12-06T12:05:53.3235723+01:00","sequence":74,"loggerClassName":"org.slf4j.impl.Slf4jLogger","loggerName":"at.bigb.planer.service.rest.PlanerResource","level":"INFO","message":"Received schedule generation request with 8 players and 3 rounds","threadName":"Test worker","threadId":1,"mdc":{},"ndc":"","hostName":"laptop-bigb","processName":"GradleWorkerMain","processId":12240}
{"timestamp":"2025-12-06T12:05:53.324571+01:00","sequence":75,"loggerClassName":"org.slf4j.impl.Slf4jLogger","loggerName":"at.bigb.planer.service.ScheduleGenerationService","level":"INFO","message":"Generating schedule with 8 players and 3 rounds","threadName":"Test worker","threadId":1,"mdc":{},"ndc":"","hostName":"laptop-bigb","processName":"GradleWorkerMain","processId":12240}
{"timestamp":"2025-12-06T12:05:53.3311021+01:00","sequence":76,"loggerClassName":"org.slf4j.impl.Slf4jLogger","loggerName":"at.bigb.planer.service.ScheduleGenerationService","level":"INFO","message":"Schedule generation completed: 3 rounds with 4 players each","threadName":"Test worker","threadId":1,"mdc":{},"ndc":"","hostName":"laptop-bigb","processName":"GradleWorkerMain","processId":12240}
{"timestamp":"2025-12-06T12:05:53.3356668+01:00","sequence":77,"loggerClassName":"org.slf4j.impl.Slf4jLogger","loggerName":"at.bigb.planer.service.rest.PlanerResource","level":"INFO","message":"Received schedule generation request with 4 players and 1 rounds","threadName":"Test worker","threadId":1,"mdc":{},"ndc":"","hostName":"laptop-bigb","processName":"GradleWorkerMain","processId":12240}
{"timestamp":"2025-12-06T12:05:53.3356668+01:00","sequence":78,"loggerClassName":"org.slf4j.impl.Slf4jLogger","loggerName":"at.bigb.planer.service.ScheduleGenerationService","level":"INFO","message":"Generating schedule with 4 players and 1 rounds","threadName":"Test worker","threadId":1,"mdc":{},"ndc":"","hostName":"laptop-bigb","processName":"GradleWorkerMain","processId":12240}
{"timestamp":"2025-12-06T12:05:53.3368882+01:00","sequence":79,"loggerClassName":"org.slf4j.impl.Slf4jLogger","loggerName":"at.bigb.planer.service.ScheduleGenerationService","level":"INFO","message":"Schedule generation completed: 1 rounds with 4 players each","threadName":"Test worker","threadId":1,"mdc":{},"ndc":"","hostName":"laptop-bigb","processName":"GradleWorkerMain","processId":12240}
{"timestamp":"2025-12-06T12:05:53.3423773+01:00","sequence":80,"loggerClassName":"org.slf4j.impl.Slf4jLogger","loggerName":"at.bigb.planer.service.rest.PlanerResource","level":"INFO","message":"Retrieving pairing statistics","threadName":"Test worker","threadId":1,"mdc":{},"ndc":"","hostName":"laptop-bigb","processName":"GradleWorkerMain","processId":12240}
{"timestamp":"2025-12-06T12:05:53.3447383+01:00","sequence":81,"loggerClassName":"org.slf4j.impl.Slf4jLogger","loggerName":"at.bigb.planer.service.rest.PlanerResource","level":"INFO","message":"Received schedule generation request with 10 players and 5 rounds","threadName":"Test worker","threadId":1,"mdc":{},"ndc":"","hostName":"laptop-bigb","processName":"GradleWorkerMain","processId":12240}
{"timestamp":"2025-12-06T12:05:53.3469142+01:00","sequence":82,"loggerClassName":"org.slf4j.impl.Slf4jLogger","loggerName":"at.bigb.planer.service.ScheduleGenerationService","level":"INFO","message":"Generating schedule with 10 players and 5 rounds","threadName":"Test worker","threadId":1,"mdc":{},"ndc":"","hostName":"laptop-bigb","processName":"GradleWorkerMain","processId":12240}
{"timestamp":"2025-12-06T12:05:53.3846666+01:00","sequence":83,"loggerClassName":"org.slf4j.impl.Slf4jLogger","loggerName":"at.bigb.planer.service.ScheduleGenerationService","level":"INFO","message":"Schedule generation completed: 5 rounds with 4 players each","threadName":"Test worker","threadId":1,"mdc":{},"ndc":"","hostName":"laptop-bigb","processName":"GradleWorkerMain","processId":12240}
{"timestamp":"2025-12-06T12:05:53.387658+01:00","sequence":84,"loggerClassName":"org.slf4j.impl.Slf4jLogger","loggerName":"at.bigb.planer.service.rest.PlanerResource","level":"INFO","message":"Received schedule generation request with 4 players and 0 rounds","threadName":"Test worker","threadId":1,"mdc":{},"ndc":"","hostName":"laptop-bigb","processName":"GradleWorkerMain","processId":12240}
{"timestamp":"2025-12-06T12:05:53.387658+01:00","sequence":85,"loggerClassName":"org.slf4j.impl.Slf4jLogger","loggerName":"at.bigb.planer.service.ScheduleGenerationService","level":"INFO","message":"Generating schedule with 4 players and 0 rounds","threadName":"Test worker","threadId":1,"mdc":{},"ndc":"","hostName":"laptop-bigb","processName":"GradleWorkerMain","processId":12240}
{"timestamp":"2025-12-06T12:05:53.3888197+01:00","sequence":86,"loggerClassName":"org.slf4j.impl.Slf4jLogger","loggerName":"at.bigb.planer.service.rest.PlanerResource","level":"ERROR","message":"Invalid configuration: Number of rounds must be greater than 0","threadName":"Test worker","threadId":1,"mdc":{},"ndc":"","hostName":"laptop-bigb","processName":"GradleWorkerMain","processId":12240}
{"timestamp":"2025-12-06T12:05:53.3918247+01:00","sequence":87,"loggerClassName":"org.slf4j.impl.Slf4jLogger","loggerName":"at.bigb.planer.service.rest.PlanerResource","level":"INFO","message":"Received schedule generation request with 3 players and 5 rounds","threadName":"Test worker","threadId":1,"mdc":{},"ndc":"","hostName":"laptop-bigb","processName":"GradleWorkerMain","processId":12240}
{"timestamp":"2025-12-06T12:05:53.3918247+01:00","sequence":88,"loggerClassName":"org.slf4j.impl.Slf4jLogger","loggerName":"at.bigb.planer.service.ScheduleGenerationService","level":"INFO","message":"Generating schedule with 3 players and 5 rounds","threadName":"Test worker","threadId":1,"mdc":{},"ndc":"","hostName":"laptop-bigb","processName":"GradleWorkerMain","processId":12240}
{"timestamp":"2025-12-06T12:05:53.3928199+01:00","sequence":89,"loggerClassName":"org.slf4j.impl.Slf4jLogger","loggerName":"at.bigb.planer.service.rest.PlanerResource","level":"ERROR","message":"Invalid configuration: At least 4 players are required","threadName":"Test worker","threadId":1,"mdc":{},"ndc":"","hostName":"laptop-bigb","processName":"GradleWorkerMain","processId":12240}
]]></system-out>
  <system-err><![CDATA[]]></system-err>
</testsuite>
